# JRE version: OpenJDK Runtime Environment Temurin-21.0.10+7 (21.0.10+7) (build 21.0.10+7-LTS)
# Java VM: OpenJDK 64-Bit Server VM Temurin-21.0.10+7 (21.0.10+7-LTS, mixed mode, sharing, tiered, compressed oops, compressed class ptrs, g1 gc, windows-amd64)
GC Precious Log:
 CardTable entry size: 512
 Card Set container configuration: InlinePtr #cards 4 size 8 Array Of Cards #cards 32 size 80 Howl #buckets 8 coarsen threshold 7372 Howl Bitmap #cards 1024 size 144 coarsen threshold 921 Card regions per heap region 1 cards per card region 8192
 CPUs: 8 total, 8 available
 Memory: 7418M
 Large Page Support: Disabled
 NUMA Support: Disabled
 Compressed Oops: Enabled (Zero based)
 Heap Region Size: 4M
 Heap Min Capacity: 8M
 Heap Initial Capacity: 116M
 Heap Max Capacity: 8G
 Pre-touch: Disabled
 Parallel Workers: 8
 Concurrent Workers: 2
 Concurrent Refinement Workers: 8
 Periodic GC: Disabled
Heap:
 garbage-first heap   total 118784K, used 66141K [0x0000000600000000, 0x0000000800000000)
  region size 4096K, 4 young (16384K), 2 survivors (8192K)
 Metaspace       used 74223K, committed 76480K, reserved 1114112K
  class space    used 10966K, committed 12096K, reserved 1048576K
GC Heap History (20 events):
Event: 44.281 GC heap before
{Heap before GC invocations=12 (full 0):
 garbage-first heap   total 102400K, used 84040K [0x0000000600000000, 0x0000000800000000)
  region size 4096K, 14 young (57344K), 2 survivors (8192K)
 Metaspace       used 46415K, committed 48128K, reserved 1114112K
  class space    used 6908K, committed 7744K, reserved 1048576K
}
Event: 44.287 GC heap after
{Heap after GC invocations=13 (full 0):
 garbage-first heap   total 102400K, used 38067K [0x0000000600000000, 0x0000000800000000)
  region size 4096K, 2 young (8192K), 2 survivors (8192K)
 Metaspace       used 46415K, committed 48128K, reserved 1114112K
  class space    used 6908K, committed 7744K, reserved 1048576K
}
Event: 46.565 GC heap before
{Heap before GC invocations=13 (full 0):
 garbage-first heap   total 102400K, used 87219K [0x0000000600000000, 0x0000000800000000)
  region size 4096K, 14 young (57344K), 2 survivors (8192K)
 Metaspace       used 49456K, committed 51264K, reserved 1114112K
  class space    used 7361K, committed 8256K, reserved 1048576K
}
Event: 46.572 GC heap after
{Heap after GC invocations=14 (full 0):
 garbage-first heap   total 102400K, used 41282K [0x0000000600000000, 0x0000000800000000)
  region size 4096K, 2 young (8192K), 2 survivors (8192K)
 Metaspace       used 49456K, committed 51264K, reserved 1114112K
  class space    used 7361K, committed 8256K, reserved 1048576K
}
Event: 49.713 GC heap before
{Heap before GC invocations=14 (full 0):
 garbage-first heap   total 102400K, used 82242K [0x0000000600000000, 0x0000000800000000)
  region size 4096K, 13 young (53248K), 2 survivors (8192K)
 Metaspace       used 53549K, committed 55488K, reserved 1114112K
  class space    used 7965K, committed 8896K, reserved 1048576K
}
Event: 49.719 GC heap after
{Heap after GC invocations=15 (full 0):
 garbage-first heap   total 102400K, used 46897K [0x0000000600000000, 0x0000000800000000)
  region size 4096K, 2 young (8192K), 2 survivors (8192K)
 Metaspace       used 53549K, committed 55488K, reserved 1114112K
  class space    used 7965K, committed 8896K, reserved 1048576K
}
Event: 52.630 GC heap before
{Heap before GC invocations=15 (full 0):
 garbage-first heap   total 102400K, used 87857K [0x0000000600000000, 0x0000000800000000)
  region size 4096K, 12 young (49152K), 2 survivors (8192K)
 Metaspace       used 58116K, committed 60032K, reserved 1114112K
  class space    used 8577K, committed 9536K, reserved 1048576K
}
Event: 52.635 GC heap after
{Heap after GC invocations=16 (full 0):
 garbage-first heap   total 102400K, used 50018K [0x0000000600000000, 0x0000000800000000)
  region size 4096K, 1 young (4096K), 1 survivors (4096K)
 Metaspace       used 58116K, committed 60032K, reserved 1114112K
  class space    used 8577K, committed 9536K, reserved 1048576K
}
Event: 52.830 GC heap before
{Heap before GC invocations=16 (full 0):
 garbage-first heap   total 102400K, used 58210K [0x0000000600000000, 0x0000000800000000)
  region size 4096K, 4 young (16384K), 1 survivors (4096K)
 Metaspace       used 58784K, committed 60736K, reserved 1114112K
  class space    used 8676K, committed 9600K, reserved 1048576K
}
Event: 52.833 GC heap after
{Heap after GC invocations=17 (full 0):
 garbage-first heap   total 102400K, used 49958K [0x0000000600000000, 0x0000000800000000)
  region size 4096K, 1 young (4096K), 1 survivors (4096K)
 Metaspace       used 58784K, committed 60736K, reserved 1114112K
  class space    used 8676K, committed 9600K, reserved 1048576K
}
Event: 53.644 GC heap before
{Heap before GC invocations=18 (full 0):
 garbage-first heap   total 102400K, used 86822K [0x0000000600000000, 0x0000000800000000)
  region size 4096K, 10 young (40960K), 1 survivors (4096K)
 Metaspace       used 61071K, committed 63040K, reserved 1114112K
  class space    used 9005K, committed 9920K, reserved 1048576K
}
Event: 53.647 GC heap after
{Heap after GC invocations=19 (full 0):
 garbage-first heap   total 102400K, used 50890K [0x0000000600000000, 0x0000000800000000)
  region size 4096K, 1 young (4096K), 1 survivors (4096K)
 Metaspace       used 61071K, committed 63040K, reserved 1114112K
  class space    used 9005K, committed 9920K, reserved 1048576K
}
Event: 54.760 GC heap before
{Heap before GC invocations=19 (full 0):
 garbage-first heap   total 102400K, used 91850K [0x0000000600000000, 0x0000000800000000)
  region size 4096K, 11 young (45056K), 1 survivors (4096K)
 Metaspace       used 63767K, committed 65792K, reserved 1114112K
  class space    used 9407K, committed 10432K, reserved 1048576K
}
Event: 54.768 GC heap after
{Heap after GC invocations=20 (full 0):
 garbage-first heap   total 106496K, used 52323K [0x0000000600000000, 0x0000000800000000)
  region size 4096K, 2 young (8192K), 2 survivors (8192K)
 Metaspace       used 63767K, committed 65792K, reserved 1114112K
  class space    used 9407K, committed 10432K, reserved 1048576K
}
Event: 56.223 GC heap before
{Heap before GC invocations=20 (full 0):
 garbage-first heap   total 106496K, used 93283K [0x0000000600000000, 0x0000000800000000)
  region size 4096K, 12 young (49152K), 2 survivors (8192K)
 Metaspace       used 66723K, committed 68800K, reserved 1114112K
  class space    used 9846K, committed 10880K, reserved 1048576K
}
Event: 56.231 GC heap after
{Heap after GC invocations=21 (full 0):
 garbage-first heap   total 106496K, used 55072K [0x0000000600000000, 0x0000000800000000)
  region size 4096K, 2 young (8192K), 2 survivors (8192K)
 Metaspace       used 66723K, committed 68800K, reserved 1114112K
  class space    used 9846K, committed 10880K, reserved 1048576K
}
Event: 60.980 GC heap before
{Heap before GC invocations=22 (full 0):
 garbage-first heap   total 106496K, used 96032K [0x0000000600000000, 0x0000000800000000)
  region size 4096K, 12 young (49152K), 2 survivors (8192K)
 Metaspace       used 69370K, committed 71552K, reserved 1114112K
  class space    used 10305K, committed 11392K, reserved 1048576K
}
Event: 60.988 GC heap after
{Heap after GC invocations=23 (full 0):
 garbage-first heap   total 110592K, used 58354K [0x0000000600000000, 0x0000000800000000)
  region size 4096K, 2 young (8192K), 2 survivors (8192K)
 Metaspace       used 69370K, committed 71552K, reserved 1114112K
  class space    used 10305K, committed 11392K, reserved 1048576K
}
Event: 66.205 GC heap before
{Heap before GC invocations=23 (full 0):
 garbage-first heap   total 110592K, used 99314K [0x0000000600000000, 0x0000000800000000)
  region size 4096K, 12 young (49152K), 2 survivors (8192K)
 Metaspace       used 73617K, committed 75776K, reserved 1114112K
  class space    used 10871K, committed 11904K, reserved 1048576K
}
Event: 66.217 GC heap after
{Heap after GC invocations=24 (full 0):
 garbage-first heap   total 118784K, used 62045K [0x0000000600000000, 0x0000000800000000)
  region size 4096K, 2 young (8192K), 2 survivors (8192K)
 Metaspace       used 73617K, committed 75776K, reserved 1114112K
  class space    used 10871K, committed 11904K, reserved 1048576K
}

