# JRE version: Java(TM) SE Runtime Environment (17.0.16+12) (build 17.0.16+12-LTS-247)
# Java VM: Java HotSpot(TM) 64-Bit Server VM (17.0.16+12-LTS-247, mixed mode, sharing, tiered, compressed oops, compressed class ptrs, g1 gc, windows-amd64)
GC Precious Log:
 CPUs: 8 total, 8 available
 Memory: 7418M
 Large Page Support: Disabled
 NUMA Support: Disabled
 Compressed Oops: Enabled (Zero based)
 Heap Region Size: 4M
 Heap Min Capacity: 8M
 Heap Initial Capacity: 116M
 Heap Max Capacity: 8G
 Pre-touch: Disabled
 Parallel Workers: 8
 Concurrent Workers: 2
 Concurrent Refinement Workers: 8
 Periodic GC: Disabled
Heap:
 garbage-first heap   total 761856K, used 285844K [0x0000000600000000, 0x0000000800000000)
  region size 4096K, 4 young (16384K), 4 survivors (16384K)
 Metaspace       used 181805K, committed 183232K, reserved 1245184K
  class space    used 23909K, committed 24576K, reserved 1048576K
GC Heap History (20 events):
Event: 1534.965 GC heap after
{Heap after GC invocations=72 (full 0):
 garbage-first heap   total 368640K, used 232444K [0x0000000600000000, 0x0000000800000000)
  region size 4096K, 2 young (8192K), 2 survivors (8192K)
 Metaspace       used 180493K, committed 181888K, reserved 1245184K
  class space    used 23794K, committed 24448K, reserved 1048576K
}
Event: 1535.188 GC heap before
{Heap before GC invocations=72 (full 0):
 garbage-first heap   total 368640K, used 314364K [0x0000000600000000, 0x0000000800000000)
  region size 4096K, 22 young (90112K), 2 survivors (8192K)
 Metaspace       used 180496K, committed 181888K, reserved 1245184K
  class space    used 23794K, committed 24448K, reserved 1048576K
}
Event: 1535.198 GC heap after
{Heap after GC invocations=73 (full 0):
 garbage-first heap   total 528384K, used 234871K [0x0000000600000000, 0x0000000800000000)
  region size 4096K, 2 young (8192K), 2 survivors (8192K)
 Metaspace       used 180496K, committed 181888K, reserved 1245184K
  class space    used 23794K, committed 24448K, reserved 1048576K
}
Event: 1535.665 GC heap before
{Heap before GC invocations=73 (full 0):
 garbage-first heap   total 528384K, used 443767K [0x0000000600000000, 0x0000000800000000)
  region size 4096K, 54 young (221184K), 2 survivors (8192K)
 Metaspace       used 180513K, committed 181888K, reserved 1245184K
  class space    used 23795K, committed 24448K, reserved 1048576K
}
Event: 1535.676 GC heap after
{Heap after GC invocations=74 (full 0):
 garbage-first heap   total 528384K, used 240692K [0x0000000600000000, 0x0000000800000000)
  region size 4096K, 4 young (16384K), 4 survivors (16384K)
 Metaspace       used 180513K, committed 181888K, reserved 1245184K
  class space    used 23795K, committed 24448K, reserved 1048576K
}
Event: 1536.108 GC heap before
{Heap before GC invocations=74 (full 0):
 garbage-first heap   total 528384K, used 445492K [0x0000000600000000, 0x0000000800000000)
  region size 4096K, 54 young (221184K), 4 survivors (16384K)
 Metaspace       used 180539K, committed 181952K, reserved 1245184K
  class space    used 23795K, committed 24448K, reserved 1048576K
}
Event: 1536.125 GC heap after
{Heap after GC invocations=75 (full 0):
 garbage-first heap   total 528384K, used 251540K [0x0000000600000000, 0x0000000800000000)
  region size 4096K, 6 young (24576K), 6 survivors (24576K)
 Metaspace       used 180539K, committed 181952K, reserved 1245184K
  class space    used 23795K, committed 24448K, reserved 1048576K
}
Event: 1536.664 GC heap before
{Heap before GC invocations=75 (full 0):
 garbage-first heap   total 528384K, used 439956K [0x0000000600000000, 0x0000000800000000)
  region size 4096K, 53 young (217088K), 6 survivors (24576K)
 Metaspace       used 180562K, committed 182016K, reserved 1245184K
  class space    used 23795K, committed 24448K, reserved 1048576K
}
Event: 1536.710 GC heap after
{Heap after GC invocations=76 (full 0):
 garbage-first heap   total 528384K, used 257606K [0x0000000600000000, 0x0000000800000000)
  region size 4096K, 5 young (20480K), 5 survivors (20480K)
 Metaspace       used 180562K, committed 182016K, reserved 1245184K
  class space    used 23795K, committed 24448K, reserved 1048576K
}
Event: 1537.405 GC heap before
{Heap before GC invocations=76 (full 0):
 garbage-first heap   total 528384K, used 450118K [0x0000000600000000, 0x0000000800000000)
  region size 4096K, 52 young (212992K), 5 survivors (20480K)
 Metaspace       used 180562K, committed 182016K, reserved 1245184K
  class space    used 23795K, committed 24448K, reserved 1048576K
}
Event: 1537.427 GC heap after
{Heap after GC invocations=77 (full 0):
 garbage-first heap   total 761856K, used 261512K [0x0000000600000000, 0x0000000800000000)
  region size 4096K, 5 young (20480K), 5 survivors (20480K)
 Metaspace       used 180562K, committed 182016K, reserved 1245184K
  class space    used 23795K, committed 24448K, reserved 1048576K
}
Event: 1540.461 GC heap before
{Heap before GC invocations=77 (full 0):
 garbage-first heap   total 761856K, used 634248K [0x0000000600000000, 0x0000000800000000)
  region size 4096K, 97 young (397312K), 5 survivors (20480K)
 Metaspace       used 181607K, committed 183040K, reserved 1245184K
  class space    used 23908K, committed 24576K, reserved 1048576K
}
Event: 1540.504 GC heap after
{Heap after GC invocations=78 (full 0):
 garbage-first heap   total 761856K, used 272370K [0x0000000600000000, 0x0000000800000000)
  region size 4096K, 8 young (32768K), 8 survivors (32768K)
 Metaspace       used 181607K, committed 183040K, reserved 1245184K
  class space    used 23908K, committed 24576K, reserved 1048576K
}
Event: 1541.915 GC heap before
{Heap before GC invocations=78 (full 0):
 garbage-first heap   total 761856K, used 636914K [0x0000000600000000, 0x0000000800000000)
  region size 4096K, 98 young (401408K), 8 survivors (32768K)
 Metaspace       used 181679K, committed 183040K, reserved 1245184K
  class space    used 23909K, committed 24576K, reserved 1048576K
}
Event: 1541.958 GC heap after
{Heap after GC invocations=79 (full 0):
 garbage-first heap   total 761856K, used 276764K [0x0000000600000000, 0x0000000800000000)
  region size 4096K, 8 young (32768K), 8 survivors (32768K)
 Metaspace       used 181679K, committed 183040K, reserved 1245184K
  class space    used 23909K, committed 24576K, reserved 1048576K
}
Event: 1543.809 GC heap before
{Heap before GC invocations=79 (full 0):
 garbage-first heap   total 761856K, used 649500K [0x0000000600000000, 0x0000000800000000)
  region size 4096K, 99 young (405504K), 8 survivors (32768K)
 Metaspace       used 181780K, committed 183232K, reserved 1245184K
  class space    used 23909K, committed 24576K, reserved 1048576K
}
Event: 1543.844 GC heap after
{Heap after GC invocations=80 (full 0):
 garbage-first heap   total 761856K, used 281140K [0x0000000600000000, 0x0000000800000000)
  region size 4096K, 8 young (32768K), 8 survivors (32768K)
 Metaspace       used 181780K, committed 183232K, reserved 1245184K
  class space    used 23909K, committed 24576K, reserved 1048576K
}
Event: 1545.260 GC heap before
{Heap before GC invocations=80 (full 0):
 garbage-first heap   total 761856K, used 645684K [0x0000000600000000, 0x0000000800000000)
  region size 4096K, 97 young (397312K), 8 survivors (32768K)
 Metaspace       used 181801K, committed 183232K, reserved 1245184K
  class space    used 23909K, committed 24576K, reserved 1048576K
}
Event: 1545.282 GC heap after
{Heap after GC invocations=81 (full 0):
 garbage-first heap   total 761856K, used 286214K [0x0000000600000000, 0x0000000800000000)
  region size 4096K, 9 young (36864K), 9 survivors (36864K)
 Metaspace       used 181801K, committed 183232K, reserved 1245184K
  class space    used 23909K, committed 24576K, reserved 1048576K
}
Event: 1546.245 GC heap before
{Heap before GC invocations=81 (full 0):
 garbage-first heap   total 761856K, used 638470K [0x0000000600000000, 0x0000000800000000)
  region size 4096K, 96 young (393216K), 9 survivors (36864K)
 Metaspace       used 181805K, committed 183232K, reserved 1245184K
  class space    used 23909K, committed 24576K, reserved 1048576K
}

